2020-06-11 14:23:54,241 - writeCaseYml.py - DEBUG: 从/Users/hyman/SynologyDrive/code/pytest/ATT/data目录下，读取文件blogpost.chlsj
2020-06-11 14:23:54,263 - writeCaseYml.py - DEBUG: 从/Users/hyman/SynologyDrive/code/pytest/ATT/aff/page/blogpost目录下，写入测试文件/Users/hyman/SynologyDrive/code/pytest/ATT/aff/page/blogpost/blogpost.yml
2020-06-11 14:24:08,086 - writeCaseYml.py - DEBUG: 从/Users/hyman/SynologyDrive/code/pytest/ATT/data目录下，读取文件blogpost.chlsj
2020-06-11 14:24:08,089 - mkDir.py - DEBUG: logs目录已存在：/Users/hyman/SynologyDrive/code/pytest/ATT/aff/page/blogpost
2020-06-11 14:24:08,091 - writeCaseYml.py - DEBUG: 从/Users/hyman/SynologyDrive/code/pytest/ATT/aff/page/blogpost目录下，写入测试文件/Users/hyman/SynologyDrive/code/pytest/ATT/aff/page/blogpost/blogpost.yml
2020-06-11 14:24:08,152 - mkDir.py - DEBUG: logs目录已存在：/Users/hyman/SynologyDrive/code/pytest/ATT//testcase/blogpost
2020-06-11 14:24:19,439 - writeCaseYml.py - DEBUG: 从/Users/hyman/SynologyDrive/code/pytest/ATT/data目录下，读取文件blogpost.chlsj
2020-06-11 14:24:19,455 - mkDir.py - DEBUG: logs目录已存在：/Users/hyman/SynologyDrive/code/pytest/ATT/aff/page/blogpost
2020-06-11 14:24:19,458 - writeCaseYml.py - DEBUG: 从/Users/hyman/SynologyDrive/code/pytest/ATT/aff/page/blogpost目录下，写入测试文件/Users/hyman/SynologyDrive/code/pytest/ATT/aff/page/blogpost/blogpost.yml
2020-06-11 14:24:19,534 - mkDir.py - DEBUG: logs目录已存在：/Users/hyman/SynologyDrive/code/pytest/ATT//testcase/blogpost
2020-06-11 14:25:03,724 - writeCaseYml.py - DEBUG: 从/Users/hyman/SynologyDrive/code/pytest/ATT/data目录下，读取文件blogpost.chlsj
2020-06-11 14:25:03,742 - mkDir.py - DEBUG: logs目录已存在：/Users/hyman/SynologyDrive/code/pytest/ATT/aff/page/blogpost
2020-06-11 14:27:00,174 - writeCaseYml.py - DEBUG: 从/Users/hyman/SynologyDrive/code/pytest/ATT/data目录下，读取文件blogpost.chlsj
2020-06-11 14:27:00,189 - mkDir.py - DEBUG: logs目录已存在：/Users/hyman/SynologyDrive/code/pytest/ATT/aff/page/blogpost
2020-06-11 14:27:37,610 - writeCaseYml.py - DEBUG: 从/Users/hyman/SynologyDrive/code/pytest/ATT/data目录下，读取文件blogpost.chlsj
2020-06-11 14:27:37,617 - mkDir.py - DEBUG: logs目录已存在：/Users/hyman/SynologyDrive/code/pytest/ATT/aff/page/blogpost
2020-06-11 14:39:23,907 - writeCaseYml.py - DEBUG: 从/Users/hyman/SynologyDrive/code/pytest/ATT/data目录下，读取文件blogpost.chlsj
2020-06-11 14:39:54,244 - writeCaseYml.py - DEBUG: 从/Users/hyman/SynologyDrive/code/pytest/ATT/testcase/source/blogpost目录下，写入测试文件/Users/hyman/SynologyDrive/code/pytest/ATT/testcase/source/blogpost/blogpost.yml
2020-06-11 14:40:22,788 - writeCaseYml.py - DEBUG: 从/Users/hyman/SynologyDrive/code/pytest/ATT/data目录下，读取文件blogpost.chlsj
2020-06-11 14:40:22,796 - mkDir.py - DEBUG: logs目录已存在：/Users/hyman/SynologyDrive/code/pytest/ATT/testcase/source/blogpost
2020-06-11 14:40:27,434 - writeCaseYml.py - DEBUG: 从/Users/hyman/SynologyDrive/code/pytest/ATT/testcase/source/blogpost目录下，写入测试文件/Users/hyman/SynologyDrive/code/pytest/ATT/testcase/source/blogpost/blogpost.yml
2020-06-11 14:40:28,147 - mkDir.py - DEBUG: logs目录已存在：/Users/hyman/SynologyDrive/code/pytest/ATT/testcase/blogpost
2020-06-11 14:42:46,613 - writeCaseYml.py - DEBUG: 从/Users/hyman/SynologyDrive/code/pytest/ATT/data目录下，读取文件blogpost.chlsj
2020-06-11 14:42:46,626 - mkDir.py - DEBUG: logs目录已存在：/Users/hyman/SynologyDrive/code/pytest/ATT/testcase/source/blogpost
2020-06-11 14:43:05,481 - writeCaseYml.py - DEBUG: 从/Users/hyman/SynologyDrive/code/pytest/ATT/testcase/source/blogpost目录下，写入测试文件/Users/hyman/SynologyDrive/code/pytest/ATT/testcase/source/blogpost/blogpost.yml
2020-06-11 14:44:26,197 - writeCaseYml.py - DEBUG: 从/Users/hyman/SynologyDrive/code/pytest/ATT/data目录下，读取文件blogpost.chlsj
2020-06-11 14:44:26,200 - mkDir.py - DEBUG: logs目录已存在：/Users/hyman/SynologyDrive/code/pytest/ATT/testcase/source/blogpost
2020-06-11 14:44:30,576 - writeCaseYml.py - DEBUG: 从/Users/hyman/SynologyDrive/code/pytest/ATT/testcase/source/blogpost目录下，写入测试文件/Users/hyman/SynologyDrive/code/pytest/ATT/testcase/source/blogpost/blogpost.yml
2020-06-11 14:44:37,826 - mkDir.py - DEBUG: logs目录已存在：/Users/hyman/SynologyDrive/code/pytest/ATT/testcase/blogpost
2020-06-11 14:46:14,807 - writeCaseYml.py - DEBUG: 从/Users/hyman/SynologyDrive/code/pytest/ATT/data目录下，读取文件blogpost.chlsj
2020-06-11 14:46:14,817 - mkDir.py - DEBUG: logs目录已存在：/Users/hyman/SynologyDrive/code/pytest/ATT/testcase/source/blogpost
2020-06-11 14:46:24,771 - writeCaseYml.py - DEBUG: 从/Users/hyman/SynologyDrive/code/pytest/ATT/testcase/source/blogpost目录下，写入测试文件/Users/hyman/SynologyDrive/code/pytest/ATT/testcase/source/blogpost/blogpost.yml
2020-06-11 14:46:24,853 - mkDir.py - DEBUG: logs目录已存在：/Users/hyman/SynologyDrive/code/pytest/ATT/testcase/blogpost
2020-06-11 14:46:54,328 - writeCaseYml.py - DEBUG: 从/Users/hyman/SynologyDrive/code/pytest/ATT/data目录下，读取文件blogpost.chlsj
2020-06-11 14:46:54,332 - mkDir.py - DEBUG: logs目录已存在：/Users/hyman/SynologyDrive/code/pytest/ATT/testcase/source/blogpost
2020-06-11 14:46:54,333 - writeCaseYml.py - DEBUG: 从/Users/hyman/SynologyDrive/code/pytest/ATT/testcase/source/blogpost目录下，写入测试文件/Users/hyman/SynologyDrive/code/pytest/ATT/testcase/source/blogpost/blogpost.yml
2020-06-11 14:46:54,392 - mkDir.py - DEBUG: logs目录已存在：/Users/hyman/SynologyDrive/code/pytest/ATT/testcase/blogpost
2020-06-11 14:48:49,665 - writeCaseYml.py - DEBUG: 从/Users/hyman/SynologyDrive/code/pytest/ATT/data目录下，读取文件blogpost.chlsj
2020-06-11 14:48:49,669 - mkDir.py - DEBUG: logs目录已存在：/Users/hyman/SynologyDrive/code/pytest/ATT/testcase/source/blogpost
2020-06-11 14:48:49,673 - writeCaseYml.py - DEBUG: 从/Users/hyman/SynologyDrive/code/pytest/ATT/testcase/source/blogpost目录下，写入测试文件/Users/hyman/SynologyDrive/code/pytest/ATT/testcase/source/blogpost/blogpost.yml
2020-06-11 14:51:03,018 - writeCaseYml.py - DEBUG: 从/Users/hyman/SynologyDrive/code/pytest/ATT/data目录下，读取文件blogpost.chlsj
2020-06-11 14:51:03,029 - mkDir.py - DEBUG: logs目录已存在：/Users/hyman/SynologyDrive/code/pytest/ATT/testcase/source/blogpost
2020-06-11 14:51:03,032 - writeCaseYml.py - DEBUG: 从/Users/hyman/SynologyDrive/code/pytest/ATT/testcase/source/blogpost目录下，写入测试文件/Users/hyman/SynologyDrive/code/pytest/ATT/testcase/source/blogpost/blogpost.yml
2020-06-11 14:51:03,096 - mkDir.py - DEBUG: logs目录已存在：/Users/hyman/SynologyDrive/code/pytest/ATT/testcase/blogpost
2020-06-11 14:53:03,457 - writeCaseYml.py - DEBUG: 从/Users/hyman/SynologyDrive/code/pytest/ATT/data目录下，读取文件blogpost.chlsj
2020-06-11 14:53:03,466 - mkDir.py - DEBUG: logs目录已存在：/Users/hyman/SynologyDrive/code/pytest/ATT/testcase/source/blogpost
2020-06-11 14:53:03,470 - writeCaseYml.py - DEBUG: 从/Users/hyman/SynologyDrive/code/pytest/ATT/testcase/source/blogpost目录下，写入测试文件/Users/hyman/SynologyDrive/code/pytest/ATT/testcase/source/blogpost/blogpost.yml
2020-06-11 14:54:07,560 - writeCaseYml.py - DEBUG: 从/Users/hyman/SynologyDrive/code/pytest/ATT/data目录下，读取文件blogpost.chlsj
2020-06-11 14:54:07,564 - mkDir.py - DEBUG: logs目录已存在：/Users/hyman/SynologyDrive/code/pytest/ATT/testcase/source/blogpost
2020-06-11 14:54:07,568 - writeCaseYml.py - DEBUG: 从/Users/hyman/SynologyDrive/code/pytest/ATT/testcase/source/blogpost目录下，写入测试文件/Users/hyman/SynologyDrive/code/pytest/ATT/testcase/source/blogpost/blogpost.yml
2020-06-11 14:55:31,080 - writeCaseYml.py - DEBUG: 从/Users/hyman/SynologyDrive/code/pytest/ATT/data目录下，读取文件blogpost.chlsj
2020-06-11 14:55:31,086 - mkDir.py - DEBUG: logs目录已存在：/Users/hyman/SynologyDrive/code/pytest/ATT/testcase/source/blogpost
2020-06-11 14:55:31,090 - writeCaseYml.py - DEBUG: 从/Users/hyman/SynologyDrive/code/pytest/ATT/testcase/source/blogpost目录下，写入测试文件/Users/hyman/SynologyDrive/code/pytest/ATT/testcase/source/blogpost/blogpost.yml
2020-06-11 14:55:31,227 - mkDir.py - DEBUG: logs目录已存在：/Users/hyman/SynologyDrive/code/pytest/ATT/testcase/blogpost
2020-06-11 14:56:47,809 - writeCaseYml.py - DEBUG: 从/Users/hyman/SynologyDrive/code/pytest/ATT/data目录下，读取文件blogpost.chlsj
2020-06-11 14:56:47,814 - mkDir.py - DEBUG: logs目录已存在：/Users/hyman/SynologyDrive/code/pytest/ATT/testcase/source/blogpost
2020-06-11 14:56:47,818 - writeCaseYml.py - DEBUG: 从/Users/hyman/SynologyDrive/code/pytest/ATT/testcase/source/blogpost目录下，写入测试文件/Users/hyman/SynologyDrive/code/pytest/ATT/testcase/source/blogpost/blogpost.yml
2020-06-11 14:57:41,833 - writeCaseYml.py - DEBUG: 从/Users/hyman/SynologyDrive/code/pytest/ATT/data目录下，读取文件blogpost.chlsj
2020-06-11 14:57:41,846 - mkDir.py - DEBUG: logs目录已存在：/Users/hyman/SynologyDrive/code/pytest/ATT/testcase/source/blogpost
2020-06-11 14:57:41,849 - writeCaseYml.py - DEBUG: 从/Users/hyman/SynologyDrive/code/pytest/ATT/testcase/source/blogpost目录下，写入测试文件/Users/hyman/SynologyDrive/code/pytest/ATT/testcase/source/blogpost/blogpost.yml
2020-06-11 14:57:41,913 - mkDir.py - DEBUG: logs目录已存在：/Users/hyman/SynologyDrive/code/pytest/ATT/testcase/blogpost
2020-06-11 15:02:08,636 - writeCaseYml.py - DEBUG: 从/Users/hyman/SynologyDrive/code/pytest/ATT/data目录下，读取文件blogpost.chlsj
2020-06-11 15:02:08,662 - writeCaseYml.py - DEBUG: 从/Users/hyman/SynologyDrive/code/pytest/ATT/testcase/source/blogpost目录下，写入测试文件/Users/hyman/SynologyDrive/code/pytest/ATT/testcase/source/blogpost/blogpost.yml
2020-06-11 15:04:14,385 - writeCaseYml.py - DEBUG: 从/Users/hyman/SynologyDrive/code/pytest/ATT/data目录下，读取文件blogpost.chlsj
2020-06-11 15:04:14,398 - mkDir.py - DEBUG: logs目录已存在：/Users/hyman/SynologyDrive/code/pytest/ATT/testcase/source/blogpost
2020-06-11 15:04:14,401 - writeCaseYml.py - DEBUG: 从/Users/hyman/SynologyDrive/code/pytest/ATT/testcase/source/blogpost目录下，写入测试文件/Users/hyman/SynologyDrive/code/pytest/ATT/testcase/source/blogpost/blogpost.yml
2020-06-11 15:04:14,464 - mkDir.py - DEBUG: logs目录已存在：/Users/hyman/SynologyDrive/code/pytest/ATT/testcase/blogpost
2020-06-11 15:04:52,317 - writeCaseYml.py - DEBUG: 从/Users/hyman/SynologyDrive/code/pytest/ATT/data目录下，读取文件blogpost.chlsj
2020-06-11 15:04:52,330 - writeCaseYml.py - DEBUG: 从/Users/hyman/SynologyDrive/code/pytest/ATT/testcase/source/blogpost目录下，写入测试文件/Users/hyman/SynologyDrive/code/pytest/ATT/testcase/source/blogpost/blogpost.yml
2020-06-11 15:06:14,769 - writeCaseYml.py - DEBUG: 从/Users/hyman/SynologyDrive/code/pytest/ATT/data目录下，读取文件blogpost.chlsj
2020-06-11 15:06:14,784 - mkDir.py - DEBUG: logs目录已存在：/Users/hyman/SynologyDrive/code/pytest/ATT/testcase/source/blogpost
2020-06-11 15:06:14,787 - writeCaseYml.py - DEBUG: 从/Users/hyman/SynologyDrive/code/pytest/ATT/testcase/source/blogpost目录下，写入测试文件/Users/hyman/SynologyDrive/code/pytest/ATT/testcase/source/blogpost/blogpost.yml
2020-06-11 15:06:14,854 - mkDir.py - DEBUG: logs目录已存在：/Users/hyman/SynologyDrive/code/pytest/ATT/testcase/blogpost
2020-06-11 15:09:22,056 - writeCaseYml.py - DEBUG: 从/Users/hyman/SynologyDrive/code/pytest/ATT/data目录下，读取文件blogpost.chlsj
2020-06-11 15:09:22,071 - mkDir.py - DEBUG: logs目录已存在：/Users/hyman/SynologyDrive/code/pytest/ATT/testcase/source/blogpost
2020-06-11 15:09:22,075 - writeCaseYml.py - DEBUG: 从/Users/hyman/SynologyDrive/code/pytest/ATT/testcase/source/blogpost目录下，写入测试文件/Users/hyman/SynologyDrive/code/pytest/ATT/testcase/source/blogpost/blogpost.yml
2020-06-11 15:09:22,192 - mkDir.py - DEBUG: logs目录已存在：/Users/hyman/SynologyDrive/code/pytest/ATT/testcase/blogpost
2020-06-11 15:11:08,429 - writeCaseYml.py - DEBUG: 从/Users/hyman/SynologyDrive/code/pytest/ATT/data目录下，读取文件blogpost.chlsj
2020-06-11 15:11:08,432 - mkDir.py - DEBUG: logs目录已存在：/Users/hyman/SynologyDrive/code/pytest/ATT/testcase/source/blogpost
2020-06-11 15:11:08,435 - writeCaseYml.py - DEBUG: 从/Users/hyman/SynologyDrive/code/pytest/ATT/testcase/source/blogpost目录下，写入测试文件/Users/hyman/SynologyDrive/code/pytest/ATT/testcase/source/blogpost/blogpost.yml
2020-06-11 15:11:08,496 - mkDir.py - DEBUG: logs目录已存在：/Users/hyman/SynologyDrive/code/pytest/ATT/testcase/blogpost
2020-06-11 15:13:35,921 - writeCaseYml.py - DEBUG: 从/Users/hyman/SynologyDrive/code/pytest/ATT/data目录下，读取文件blogpost.chlsj
2020-06-11 15:13:35,925 - mkDir.py - DEBUG: logs目录已存在：/Users/hyman/SynologyDrive/code/pytest/ATT/testcase/source/blogpost
2020-06-11 15:13:35,926 - writeCaseYml.py - DEBUG: 从/Users/hyman/SynologyDrive/code/pytest/ATT/testcase/source/blogpost目录下，写入测试文件/Users/hyman/SynologyDrive/code/pytest/ATT/testcase/source/blogpost/blogpost.yml
2020-06-11 15:13:36,001 - mkDir.py - DEBUG: logs目录已存在：/Users/hyman/SynologyDrive/code/pytest/ATT/testcase/blogpost
2020-06-11 15:18:21,282 - writeCaseYml.py - DEBUG: 从/Users/hyman/SynologyDrive/code/pytest/ATT/data目录下，读取文件blogpost.chlsj
2020-06-11 15:18:21,286 - mkDir.py - DEBUG: logs目录已存在：/Users/hyman/SynologyDrive/code/pytest/ATT/testcase/source/blogpost
2020-06-11 15:18:21,288 - writeCaseYml.py - DEBUG: 从/Users/hyman/SynologyDrive/code/pytest/ATT/testcase/source/blogpost目录下，写入测试文件/Users/hyman/SynologyDrive/code/pytest/ATT/testcase/source/blogpost/blogpost.yml
2020-06-11 15:18:21,383 - mkDir.py - DEBUG: logs目录已存在：/Users/hyman/SynologyDrive/code/pytest/ATT/testcase/blogpost
2020-06-11 15:19:02,096 - writeCaseYml.py - DEBUG: 从/Users/hyman/SynologyDrive/code/pytest/ATT/data目录下，读取文件blogpost.chlsj
2020-06-11 15:19:02,114 - writeCaseYml.py - DEBUG: 从/Users/hyman/SynologyDrive/code/pytest/ATT/testcase/source/blogpost目录下，写入测试文件/Users/hyman/SynologyDrive/code/pytest/ATT/testcase/source/blogpost/blogpost.yml
2020-06-11 15:20:02,309 - writeCaseYml.py - DEBUG: 从/Users/hyman/SynologyDrive/code/pytest/ATT/data目录下，读取文件blogpost.chlsj
2020-06-11 15:20:02,313 - mkDir.py - DEBUG: logs目录已存在：/Users/hyman/SynologyDrive/code/pytest/ATT/testcase/source/blogpost
2020-06-11 15:20:02,315 - writeCaseYml.py - DEBUG: 从/Users/hyman/SynologyDrive/code/pytest/ATT/testcase/source/blogpost目录下，写入测试文件/Users/hyman/SynologyDrive/code/pytest/ATT/testcase/source/blogpost/blogpost.yml
2020-06-11 15:20:02,373 - mkDir.py - DEBUG: logs目录已存在：/Users/hyman/SynologyDrive/code/pytest/ATT/testcase/blogpost
2020-06-11 15:22:33,330 - writeCaseYml.py - DEBUG: 从/Users/hyman/SynologyDrive/code/pytest/ATT/data目录下，读取文件blogpost.chlsj
2020-06-11 15:22:33,334 - mkDir.py - DEBUG: logs目录已存在：/Users/hyman/SynologyDrive/code/pytest/ATT/testcase/source/blogpost
2020-06-11 15:22:33,336 - writeCaseYml.py - DEBUG: 从/Users/hyman/SynologyDrive/code/pytest/ATT/testcase/source/blogpost目录下，写入测试文件/Users/hyman/SynologyDrive/code/pytest/ATT/testcase/source/blogpost/blogpost.yml
2020-06-11 15:22:33,399 - mkDir.py - DEBUG: logs目录已存在：/Users/hyman/SynologyDrive/code/pytest/ATT/testcase/blogpost
2020-06-11 15:24:11,750 - writeCaseYml.py - DEBUG: 从/Users/hyman/SynologyDrive/code/pytest/ATT/data目录下，读取文件blogpost.chlsj
2020-06-11 15:24:11,753 - mkDir.py - DEBUG: logs目录已存在：/Users/hyman/SynologyDrive/code/pytest/ATT/testcase/source/blogpost
2020-06-11 15:24:11,755 - writeCaseYml.py - DEBUG: 从/Users/hyman/SynologyDrive/code/pytest/ATT/testcase/source/blogpost目录下，写入测试文件/Users/hyman/SynologyDrive/code/pytest/ATT/testcase/source/blogpost/blogpost.yml
2020-06-11 15:24:11,838 - mkDir.py - DEBUG: logs目录已存在：/Users/hyman/SynologyDrive/code/pytest/ATT/testcase/blogpost
2020-06-11 15:25:56,156 - writeCaseYml.py - DEBUG: 从/Users/hyman/SynologyDrive/code/pytest/ATT/data目录下，读取文件blogpost.chlsj
2020-06-11 15:25:56,160 - mkDir.py - DEBUG: logs目录已存在：/Users/hyman/SynologyDrive/code/pytest/ATT/testcase/source/blogpost
2020-06-11 15:25:56,162 - writeCaseYml.py - DEBUG: 从/Users/hyman/SynologyDrive/code/pytest/ATT/testcase/source/blogpost目录下，写入测试文件/Users/hyman/SynologyDrive/code/pytest/ATT/testcase/source/blogpost/blogpost.yml
2020-06-11 15:25:56,238 - mkDir.py - DEBUG: logs目录已存在：/Users/hyman/SynologyDrive/code/pytest/ATT/testcase/blogpost
2020-06-11 15:26:33,762 - writeCaseYml.py - DEBUG: 从/Users/hyman/SynologyDrive/code/pytest/ATT/data目录下，读取文件blogpost.chlsj
2020-06-11 15:26:33,765 - mkDir.py - DEBUG: logs目录已存在：/Users/hyman/SynologyDrive/code/pytest/ATT/testcase/source/blogpost
2020-06-11 15:26:33,767 - writeCaseYml.py - DEBUG: 从/Users/hyman/SynologyDrive/code/pytest/ATT/testcase/source/blogpost目录下，写入测试文件/Users/hyman/SynologyDrive/code/pytest/ATT/testcase/source/blogpost/blogpost.yml
2020-06-11 15:26:33,846 - mkDir.py - DEBUG: logs目录已存在：/Users/hyman/SynologyDrive/code/pytest/ATT/testcase/blogpost
2020-06-11 15:32:53,853 - writeCaseYml.py - DEBUG: 从/Users/hyman/SynologyDrive/code/pytest/ATT/data目录下，读取文件blogpost.chlsj
2020-06-11 15:32:53,858 - mkDir.py - DEBUG: logs目录已存在：/Users/hyman/SynologyDrive/code/pytest/ATT/testcase/source/blogpost
2020-06-11 15:32:53,862 - writeCaseYml.py - DEBUG: 从/Users/hyman/SynologyDrive/code/pytest/ATT/testcase/source/blogpost目录下，写入测试文件/Users/hyman/SynologyDrive/code/pytest/ATT/testcase/source/blogpost/blogpost.yml
2020-06-11 15:32:53,934 - mkDir.py - DEBUG: logs目录已存在：/Users/hyman/SynologyDrive/code/pytest/ATT/testcase/blogpost
2020-06-11 15:34:34,693 - writeCaseYml.py - DEBUG: 从/Users/hyman/SynologyDrive/code/pytest/ATT/data目录下，读取文件blogpost.chlsj
2020-06-11 15:34:34,696 - mkDir.py - DEBUG: logs目录已存在：/Users/hyman/SynologyDrive/code/pytest/ATT/testcase/source/blogpost
2020-06-11 15:34:34,697 - writeCaseYml.py - DEBUG: 从/Users/hyman/SynologyDrive/code/pytest/ATT/testcase/source/blogpost目录下，写入测试文件/Users/hyman/SynologyDrive/code/pytest/ATT/testcase/source/blogpost/blogpost.yml
2020-06-11 15:34:34,763 - mkDir.py - DEBUG: logs目录已存在：/Users/hyman/SynologyDrive/code/pytest/ATT/testcase/blogpost
2020-06-11 15:41:08,437 - writeCaseYml.py - DEBUG: 从/Users/hyman/SynologyDrive/code/pytest/ATT/data目录下，读取文件blogpost.chlsj
2020-06-11 15:44:04,861 - writeCaseYml.py - DEBUG: 从/Users/hyman/SynologyDrive/code/pytest/ATT/data目录下，读取文件blogpost.chlsj
2020-06-11 15:44:04,870 - mkDir.py - DEBUG: logs目录已存在：/Users/hyman/SynologyDrive/code/pytest/ATT/testcase/source/blogpost
2020-06-11 15:45:46,595 - writeCaseYml.py - DEBUG: 从/Users/hyman/SynologyDrive/code/pytest/ATT/testcase/source/blogpost目录下，写入测试文件/Users/hyman/SynologyDrive/code/pytest/ATT/testcase/source/blogpost/blogpost.yml
2020-06-11 15:46:06,564 - writeCaseYml.py - DEBUG: 从/Users/hyman/SynologyDrive/code/pytest/ATT/data目录下，读取文件blogpost.chlsj
2020-06-11 15:46:06,577 - mkDir.py - DEBUG: logs目录已存在：/Users/hyman/SynologyDrive/code/pytest/ATT/testcase/source/blogpost
2020-06-11 15:52:57,743 - writeCaseYml.py - DEBUG: 从/Users/hyman/SynologyDrive/code/pytest/ATT/data目录下，读取文件blogpost.chlsj
2020-06-11 15:52:57,746 - mkDir.py - DEBUG: logs目录已存在：/Users/hyman/SynologyDrive/code/pytest/ATT/testcase/source/blogpost
2020-06-11 15:52:57,747 - writeCaseYml.py - DEBUG: 从/Users/hyman/SynologyDrive/code/pytest/ATT/testcase/source/blogpost目录下，写入测试文件/Users/hyman/SynologyDrive/code/pytest/ATT/testcase/source/blogpost/blogpost.yml
2020-06-11 15:52:57,759 - mkDir.py - DEBUG: logs目录已存在：/Users/hyman/SynologyDrive/code/pytest/ATT/testcase/blogpost
2020-06-11 15:53:03,738 - writeCaseYml.py - DEBUG: 从/Users/hyman/SynologyDrive/code/pytest/ATT/data目录下，读取文件blogpost.chlsj
2020-06-11 15:53:03,738 - mkDir.py - DEBUG: logs目录已存在：/Users/hyman/SynologyDrive/code/pytest/ATT/testcase/source/blogpost
2020-06-11 15:53:03,739 - writeCaseYml.py - DEBUG: 从/Users/hyman/SynologyDrive/code/pytest/ATT/testcase/source/blogpost目录下，写入测试文件/Users/hyman/SynologyDrive/code/pytest/ATT/testcase/source/blogpost/blogpost.yml
2020-06-11 15:53:03,747 - mkDir.py - DEBUG: logs目录已存在：/Users/hyman/SynologyDrive/code/pytest/ATT/testcase/blogpost
